0 info it worked if it ends with ok
1 verbose cli [ '/Users/johannheadley/.nvm/versions/node/v6.4.0/bin/node',
1 verbose cli   '/Users/johannheadley/.nvm/versions/node/v6.4.0/bin/npm',
1 verbose cli   'start' ]
2 info using npm@3.10.3
3 info using node@v6.4.0
4 verbose run-script [ 'prestart', 'start', 'poststart' ]
5 info lifecycle hugo_cms@1.0.0~prestart: hugo_cms@1.0.0
6 silly lifecycle hugo_cms@1.0.0~prestart: no script for prestart, continuing
7 info lifecycle hugo_cms@1.0.0~start: hugo_cms@1.0.0
8 verbose lifecycle hugo_cms@1.0.0~start: unsafe-perm in lifecycle true
9 verbose lifecycle hugo_cms@1.0.0~start: PATH: /Users/johannheadley/.nvm/versions/node/v6.4.0/lib/node_modules/npm/bin/node-gyp-bin:/Users/johannheadley/Sites/hugo-cms/node_modules/.bin:/Users/johannheadley/.nvm/versions/node/v6.4.0/bin:/Users/johannheadley/.nvm/versions/node/v6.4.0/bin:/usr/local/bin:/usr/bin:/bin:/usr/sbin:/sbin:/opt/X11/bin:/usr/local/git/bin
10 verbose lifecycle hugo_cms@1.0.0~start: CWD: /Users/johannheadley/Sites/hugo-cms
11 silly lifecycle hugo_cms@1.0.0~start: Args: [ '-c', 'gulp server' ]
12 silly lifecycle hugo_cms@1.0.0~start: Returned: code: 1  signal: null
13 info lifecycle hugo_cms@1.0.0~start: Failed to exec start script
14 verbose stack Error: hugo_cms@1.0.0 start: `gulp server`
14 verbose stack Exit status 1
14 verbose stack     at EventEmitter.<anonymous> (/Users/johannheadley/.nvm/versions/node/v6.4.0/lib/node_modules/npm/lib/utils/lifecycle.js:242:16)
14 verbose stack     at emitTwo (events.js:106:13)
14 verbose stack     at EventEmitter.emit (events.js:191:7)
14 verbose stack     at ChildProcess.<anonymous> (/Users/johannheadley/.nvm/versions/node/v6.4.0/lib/node_modules/npm/lib/utils/spawn.js:40:14)
14 verbose stack     at emitTwo (events.js:106:13)
14 verbose stack     at ChildProcess.emit (events.js:191:7)
14 verbose stack     at maybeClose (internal/child_process.js:852:16)
14 verbose stack     at Process.ChildProcess._handle.onexit (internal/child_process.js:215:5)
15 verbose pkgid hugo_cms@1.0.0
16 verbose cwd /Users/johannheadley/Sites/hugo-cms
17 error Darwin 16.7.0
18 error argv "/Users/johannheadley/.nvm/versions/node/v6.4.0/bin/node" "/Users/johannheadley/.nvm/versions/node/v6.4.0/bin/npm" "start"
19 error node v6.4.0
20 error npm  v3.10.3
21 error code ELIFECYCLE
22 error hugo_cms@1.0.0 start: `gulp server`
22 error Exit status 1
23 error Failed at the hugo_cms@1.0.0 start script 'gulp server'.
23 error Make sure you have the latest version of node.js and npm installed.
23 error If you do, this is most likely a problem with the hugo_cms package,
23 error not with npm itself.
23 error Tell the author that this fails on your system:
23 error     gulp server
23 error You can get information on how to open an issue for this project with:
23 error     npm bugs hugo_cms
23 error Or if that isn't available, you can get their info via:
23 error     npm owner ls hugo_cms
23 error There is likely additional logging output above.
24 verbose exit [ 1, true ]
